Arguments: 
  /home/krn17/.nvm/versions/node/v16.13.1/bin/node /mnt/c/Users/91882/AppData/Roaming/npm/node_modules/yarn/bin/yarn.js run mocha -t 1000000 tests/**/*.ts

PATH: 
  /home/krn17/.local/share/solana/install/active_release/bin:/home/krn17/.cargo/bin:/home/krn17/.nvm/versions/node/v16.13.1/bin:/usr/local/sbin:/usr/local/bin:/usr/sbin:/usr/bin:/sbin:/bin:/usr/games:/usr/local/games:/usr/lib/wsl/lib:/mnt/c/Program Files (x86)/Common Files/Intel/Shared Libraries/redist/intel64_win/compiler:/mnt/c/windows/system32:/mnt/c/windows:/mnt/c/windows/System32/Wbem:/mnt/c/windows/System32/WindowsPowerShell/v1.0/:/mnt/c/windows/System32/OpenSSH/:/mnt/c/Program Files (x86)/NVIDIA Corporation/PhysX/Common:/mnt/c/Program Files/NVIDIA Corporation/NVIDIA NvDLISR:/mnt/c/Program Files (x86)/Brackets/command:/mnt/c/Program Files/nodejs/:/mnt/c/Program Files/Git/cmd:/mnt/c/WINDOWS/system32:/mnt/c/WINDOWS:/mnt/c/WINDOWS/System32/Wbem:/mnt/c/WINDOWS/System32/WindowsPowerShell/v1.0/:/mnt/c/WINDOWS/System32/OpenSSH/:/mnt/c/Program Files/OpenSSL-Win64/bin:/mnt/c/Users/91882/AppData/Local/Microsoft/WindowsApps:/mnt/c/Users/91882/AppData/Local/GitHubDesktop/bin:/mnt/c/Users/91882/AppData/Roaming/npm:/mnt/c/Users/91882/AppData/Local/Programs/Microsoft VS Code/bin:/snap/bin

Yarn version: 
  1.22.17

Node version: 
  16.13.1

Platform: 
  linux x64

Trace: 
  SyntaxError: /home/krn17/mycalculatordapp/package.json: Unexpected token } in JSON at position 170
      at JSON.parse (<anonymous>)
      at /mnt/c/Users/91882/AppData/Roaming/npm/node_modules/yarn/lib/cli.js:1625:59
      at Generator.next (<anonymous>)
      at step (/mnt/c/Users/91882/AppData/Roaming/npm/node_modules/yarn/lib/cli.js:310:30)
      at /mnt/c/Users/91882/AppData/Roaming/npm/node_modules/yarn/lib/cli.js:321:13

npm manifest: 
  {
      "dependencies": {
          "@project-serum/anchor": "^0.20.0"
      },
      "devDependencies": {
          "chai": "^4.3.4",
          "mocha": "^9.0.3",
      
          
      }
  }

yarn manifest: 
  No manifest

Lockfile: 
  No lockfile
